23:33:32 **** Build of configuration Debug for project Challenge2 ****
make all 
Building file: ../Challenge2.c
Invoking: AVR Compiler
avr-gcc -Wall -g2 -gstabs -O0 -fpack-struct -fshort-enums -ffunction-sections -fdata-sections -std=gnu99 -funsigned-char -funsigned-bitfields -mmcu=atmega16 -DF_CPU=1000000UL -MMD -MP -MF"Challenge2.d" -MT"Challenge2.o" -c -o "Challenge2.o" "../Challenge2.c"
../Challenge2.c:23:1: warning: "F_CPU" redefined
<command-line>: warning: this is the location of the previous definition
Finished building: ../Challenge2.c
 
Building target: Challenge2.elf
Invoking: AVR C Linker
avr-gcc -Wl,-Map,Challenge2.map -mmcu=atmega16 -o "Challenge2.elf"  ./Challenge2.o   
Finished building target: Challenge2.elf
 
Invoking: AVR Create Extended Listing
avr-objdump -h -S Challenge2.elf  >"Challenge2.lss"
Finished building: Challenge2.lss
 
Invoking: Print Size
avr-size --format=avr --mcu=atmega16 Challenge2.elf
AVR Memory Usage
----------------
Device: atmega16

Program:     398 bytes (2.4% Full)
(.text + .data + .bootloader)

Data:          1 bytes (0.1% Full)
(.data + .bss + .noinit)


Finished building: sizedummy
 

23:33:37 Build Finished. 0 errors, 1 warnings. (took 4s.734ms)

