05:36:48 **** Incremental Build of configuration Debug for project Timers_ex3 ****
make all 
Building file: ../Timers_ex3.c
Invoking: AVR Compiler
avr-gcc -Wall -g2 -gstabs -O0 -fpack-struct -fshort-enums -ffunction-sections -fdata-sections -std=gnu99 -funsigned-char -funsigned-bitfields -mmcu=atmega16 -DF_CPU=1000000UL -MMD -MP -MF"Timers_ex3.d" -MT"Timers_ex3.o" -c -o "Timers_ex3.o" "../Timers_ex3.c"
Finished building: ../Timers_ex3.c
 
Building target: Timers_ex3.elf
Invoking: AVR C Linker
avr-gcc -Wl,-Map,Timers_ex3.map -mmcu=atmega16 -o "Timers_ex3.elf"  ./Timers_ex3.o   
Finished building target: Timers_ex3.elf
 
Invoking: AVR Create Extended Listing
avr-objdump -h -S Timers_ex3.elf  >"Timers_ex3.lss"
Finished building: Timers_ex3.lss
 
Invoking: Print Size
avr-size --format=avr --mcu=atmega16 Timers_ex3.elf
AVR Memory Usage
----------------
Device: atmega16

Program:     190 bytes (1.2% Full)
(.text + .data + .bootloader)

Data:          0 bytes (0.0% Full)
(.data + .bss + .noinit)


Finished building: sizedummy
 

05:36:48 Build Finished. 0 errors, 0 warnings. (took 703ms)

